[15:21:34] [Server thread/INFO]: Starting minecraft server version 14w11b
[15:21:34] [Server thread/WARN]: To start the server with more ram, launch it as "java -Xmx1024M -Xms1024M -jar minecraft_server.jar"
[15:21:34] [Server thread/INFO]: Loading properties
[15:21:34] [Server thread/WARN]: server.properties does not exist
[15:21:34] [Server thread/INFO]: Generating new properties file
[15:21:34] [Server thread/INFO]: Default game type: SURVIVAL
[15:21:34] [Server thread/INFO]: Generating keypair
[15:21:34] [Server thread/INFO]: Starting Minecraft server on *:25565
[15:21:34] [Server thread/WARN]: Failed to load user banlist: 
java.io.FileNotFoundException: banned-players.json (No such file or directory)
	at java.io.FileInputStream.open(Native Method) ~[?:1.7.0_51]
	at java.io.FileInputStream.<init>(FileInputStream.java:146) ~[?:1.7.0_51]
	at com.google.common.io.Files.newReader(Files.java:86) ~[minecraft_server.jar:?]
	at pr.g(SourceFile:124) ~[minecraft_server.jar:?]
	at my.z(SourceFile:99) [minecraft_server.jar:?]
	at my.<init>(SourceFile:25) [minecraft_server.jar:?]
	at mz.g(SourceFile:152) [minecraft_server.jar:?]
	at net.minecraft.server.MinecraftServer.run(SourceFile:367) [minecraft_server.jar:?]
	at mq.run(SourceFile:667) [minecraft_server.jar:?]
[15:21:34] [Server thread/WARN]: Failed to load ip banlist: 
java.io.FileNotFoundException: banned-ips.json (No such file or directory)
	at java.io.FileInputStream.open(Native Method) ~[?:1.7.0_51]
	at java.io.FileInputStream.<init>(FileInputStream.java:146) ~[?:1.7.0_51]
	at com.google.common.io.Files.newReader(Files.java:86) ~[minecraft_server.jar:?]
	at pr.g(SourceFile:124) ~[minecraft_server.jar:?]
	at my.y(SourceFile:91) [minecraft_server.jar:?]
	at my.<init>(SourceFile:27) [minecraft_server.jar:?]
	at mz.g(SourceFile:152) [minecraft_server.jar:?]
	at net.minecraft.server.MinecraftServer.run(SourceFile:367) [minecraft_server.jar:?]
	at mq.run(SourceFile:667) [minecraft_server.jar:?]
[15:21:34] [Server thread/WARN]: Failed to load operators list: 
java.io.FileNotFoundException: ops.json (No such file or directory)
	at java.io.FileInputStream.open(Native Method) ~[?:1.7.0_51]
	at java.io.FileInputStream.<init>(FileInputStream.java:146) ~[?:1.7.0_51]
	at com.google.common.io.Files.newReader(Files.java:86) ~[minecraft_server.jar:?]
	at pr.g(SourceFile:124) ~[minecraft_server.jar:?]
	at my.A(SourceFile:107) [minecraft_server.jar:?]
	at my.<init>(SourceFile:29) [minecraft_server.jar:?]
	at mz.g(SourceFile:152) [minecraft_server.jar:?]
	at net.minecraft.server.MinecraftServer.run(SourceFile:367) [minecraft_server.jar:?]
	at mq.run(SourceFile:667) [minecraft_server.jar:?]
[15:21:34] [Server thread/WARN]: Failed to load white-list: 
java.io.FileNotFoundException: whitelist.json (No such file or directory)
	at java.io.FileInputStream.open(Native Method) ~[?:1.7.0_51]
	at java.io.FileInputStream.<init>(FileInputStream.java:146) ~[?:1.7.0_51]
	at com.google.common.io.Files.newReader(Files.java:86) ~[minecraft_server.jar:?]
	at pr.g(SourceFile:124) ~[minecraft_server.jar:?]
	at my.C(SourceFile:123) [minecraft_server.jar:?]
	at my.<init>(SourceFile:30) [minecraft_server.jar:?]
	at mz.g(SourceFile:152) [minecraft_server.jar:?]
	at net.minecraft.server.MinecraftServer.run(SourceFile:367) [minecraft_server.jar:?]
	at mq.run(SourceFile:667) [minecraft_server.jar:?]
[15:21:35] [Server thread/INFO]: Preparing level "world"
[15:21:35] [Server thread/INFO]: Preparing start region for level 0
[15:21:36] [Server thread/INFO]: Preparing spawn area: 4%
[15:21:37] [Server thread/INFO]: Preparing spawn area: 9%
[15:21:38] [Server thread/INFO]: Preparing spawn area: 19%
[15:21:39] [Server thread/INFO]: Preparing spawn area: 28%
[15:21:40] [Server thread/INFO]: Preparing spawn area: 42%
[15:21:42] [Server thread/INFO]: Preparing spawn area: 49%
[15:21:43] [Server thread/INFO]: Preparing spawn area: 57%
[15:21:44] [Server thread/INFO]: Preparing spawn area: 63%
[15:21:45] [Server thread/INFO]: Preparing spawn area: 73%
[15:21:46] [Server thread/INFO]: Preparing spawn area: 82%
[15:21:47] [Server thread/INFO]: Preparing spawn area: 93%
[15:21:47] [Server thread/INFO]: Done (12.510s)! For help, type "help" or "?"
[15:22:38] [User Authenticator #1/INFO]: UUID of player wlangf07 is 2bed8359-844d-4db7-97df-c6f929f0518e
[15:22:38] [Server thread/INFO]: wlangf07[/90.222.103.41:54626] logged in with entity id 1212 at (-130.5, 76.0, 205.5)
[15:22:38] [Server thread/INFO]: wlangf07 joined the game
[15:22:40] [Server thread/WARN]: Can't keep up! Did the system time change, or is the server overloaded? Running 2067ms behind, skipping 41 tick(s)
[15:24:08] [Server thread/INFO]: wlangf07 lost connection: TextComponent{text='Disconnected', siblings=[], style=Style{hasParent=false, color=null, bold=null, italic=null, underlined=null, obfuscated=null, clickEvent=null, hoverEvent=null, insertion=null}}
[15:24:08] [Server thread/INFO]: wlangf07 left the game
[15:24:11] [Server Shutdown Thread/INFO]: Stopping server
[15:24:11] [Server Shutdown Thread/INFO]: Saving players
[15:24:11] [Server Shutdown Thread/INFO]: Saving worlds
[15:24:11] [Server Shutdown Thread/INFO]: Saving chunks for level 'world'/Overworld
